-------------------------------------------------------------------------------
Test set: com.ecommerce.order.infrastructure.persistence.OrderRepositoryImplTest
-------------------------------------------------------------------------------
Tests run: 4, Failures: 0, Errors: 2, Skipped: 0, Time elapsed: 0.118 s <<< FAILURE! -- in com.ecommerce.order.infrastructure.persistence.OrderRepositoryImplTest
com.ecommerce.order.infrastructure.persistence.OrderRepositoryImplTest.testFindById -- Time elapsed: 0.100 s <<< ERROR!
java.lang.IllegalArgumentException: lineItems must contain at least 1 item
	at com.ecommerce.order.domain.model.Order.validateLineItems(Order.java:89)
	at com.ecommerce.order.domain.model.Order.create(Order.java:65)
	at com.ecommerce.order.infrastructure.persistence.OrderRepositoryImpl.toDomain(OrderRepositoryImpl.java:108)
	at java.base/java.util.Optional.map(Optional.java:260)
	at com.ecommerce.order.infrastructure.persistence.OrderRepositoryImpl.findById(OrderRepositoryImpl.java:36)
	at com.ecommerce.order.infrastructure.persistence.OrderRepositoryImplTest.testFindById(OrderRepositoryImplTest.java:62)
	at java.base/java.lang.reflect.Method.invoke(Method.java:580)
	at java.base/java.util.ArrayList.forEach(ArrayList.java:1596)
	at java.base/java.util.ArrayList.forEach(ArrayList.java:1596)

com.ecommerce.order.infrastructure.persistence.OrderRepositoryImplTest.testSaveOrder -- Time elapsed: 0.005 s <<< ERROR!
java.lang.IllegalArgumentException: lineItems must contain at least 1 item
	at com.ecommerce.order.domain.model.Order.validateLineItems(Order.java:89)
	at com.ecommerce.order.domain.model.Order.create(Order.java:65)
	at com.ecommerce.order.infrastructure.persistence.OrderRepositoryImpl.toDomain(OrderRepositoryImpl.java:108)
	at com.ecommerce.order.infrastructure.persistence.OrderRepositoryImpl.save(OrderRepositoryImpl.java:31)
	at com.ecommerce.order.infrastructure.persistence.OrderRepositoryImplTest.testSaveOrder(OrderRepositoryImplTest.java:49)
	at java.base/java.lang.reflect.Method.invoke(Method.java:580)
	at java.base/java.util.ArrayList.forEach(ArrayList.java:1596)
	at java.base/java.util.ArrayList.forEach(ArrayList.java:1596)

